=~=~=~=~=~=~=~=~=~=~=~= PuTTY log 2025.04.09 14:40:47 =~=~=~=~=~=~=~=~=~=~=~=
Running on rpi without SMP
We are running default
0 | Core0: BWorker7
Task 7 started
1 | Core0: BWorker0
Task 0 started
2 | Core0: BWorker1
Task 1 started
3 | Core0: BWorker2
Task 2 started
4 | Core0: BWorker3
Task 3 started
5 | Core0: BWorker4
Task 4 started
6 | Core0: BWorker5
Task 5 started
7 | Core0: BWorker6
Task 6 started
8 | Core0: BWorker7
9 | Core0: BWorker0
10 | Core0: BWorker1
11 | Core0: BWorker2
12 | Core0: BWorker3
13 | Core0: BWorker4
14 | Core0: BWorker5
15 | Core0: BWorker6
16 | Core0: BWorker7
17 | Core0: BWorker0
18 | Core0: BWorker1
19 | Core0: BWorker2
20 | Core0: BWorker3
21 | Core0: BWorker4
22 | Core0: BWorker5
23 | Core0: BWorker6
24 | Core0: BWorker7
25 | Core0: BWorker0
26 | Core0: BWorker1
27 | Core0: BWorker2
28 | Core0: BWorker3
29 | Core0: BWorker4
30 | Core0: BWorker5
31 | Core0: BWorker6
32 | Core0: BWorker7
33 | Core0: BWorker0
34 | Core0: BWorker1
35 | Core0: BWorker2
36 | Core0: BWorker3
37 | Core0: BWorker4
38 | Core0: BWorker5
39 | Core0: BWorker6
40 | Core0: BWorker7
41 | Core0: BWorker0
42 | Core0: BWorker1
43 | Core0: BWorker2
44 | Core0: BWorker3
45 | Core0: BWorker4
46 | Core0: BWorker5
47 | Core0: BWorker6
48 | Core0: BWorker7
49 | Core0: BWorker0
50 | Core0: BWorker1
51 | Core0: BWorker2
52 | Core0: BWorker3
53 | Core0: BWorker4
54 | Core0: BWorker5
55 | Core0: BWorker6
56 | Core0: BWorker7
57 | Core0: BWorker0
58 | Core0: BWorker1
59 | Core0: BWorker2
60 | Core0: BWorker3
61 | Core0: BWorker4
62 | Core0: BWorker5
63 | Core0: BWorker6
64 | Core0: BWorker7
65 | Core0: BWorker0
66 | Core0: BWorker1
67 | Core0: BWorker2
68 | Core0: BWorker3
69 | Core0: BWorker4
70 | Core0: BWorker5
71 | Core0: BWorker6
72 | Core0: BWorker7
73 | Core0: BWorker0
74 | Core0: BWorker1
75 | Core0: BWorker2
76 | Core0: BWorker3
77 | Core0: BWorker4
78 | Core0: BWorker5
79 | Core0: BWorker6
80 | Core0: BWorker7
81 | Core0: BWorker0
82 | Core0: BWorker1
83 | Core0: BWorker2
84 | Core0: BWorker3
85 | Core0: BWorker4
86 | Core0: BWorker5
87 | Core0: BWorker6
88 | Core0: BWorker7
89 | Core0: BWorker0
90 | Core0: BWorker1
91 | Core0: BWorker2
92 | Core0: BWorker3
93 | Core0: BWorker4
94 | Core0: BWorker5
95 | Core0: BWorker6
96 | Core0: BWorker7
97 | Core0: BWorker0
98 | Core0: BWorker1
99 | Core0: BWorker2
100 | Core0: BWorker3
101 | Core0: BWorker4
102 | Core0: BWorker5
103 | Core0: BWorker6
104 | Core0: BWorker7
105 | Core0: BWorker0
106 | Core0: BWorker1
107 | Core0: BWorker2
108 | Core0: BWorker3
109 | Core0: BWorker4
110 | Core0: BWorker5
111 | Core0: BWorker6
112 | Core0: BWorker7
113 | Core0: BWorker0
114 | Core0: BWorker1
115 | Core0: BWorker2
116 | Core0: BWorker3
117 | Core0: BWorker4
118 | Core0: BWorker5
119 | Core0: BWorker6
120 | Core0: BWorker7
121 | Core0: BWorker0
122 | Core0: BWorker1
123 | Core0: BWorker2
124 | Core0: BWorker3
125 | Core0: BWorker4
126 | Core0: BWorker5
127 | Core0: BWorker6
128 | Core0: BWorker7
129 | Core0: BWorker0
130 | Core0: BWorker1
131 | Core0: BWorker2
132 | Core0: BWorker3
133 | Core0: BWorker4
134 | Core0: BWorker5
135 | Core0: BWorker6
136 | Core0: BWorker7
137 | Core0: BWorker0
138 | Core0: BWorker1
139 | Core0: BWorker2
140 | Core0: BWorker3
141 | Core0: BWorker4
142 | Core0: BWorker5
143 | Core0: BWorker6
144 | Core0: BWorker7
145 | Core0: BWorker0
146 | Core0: BWorker1
147 | Core0: BWorker2
148 | Core0: BWorker3
149 | Core0: BWorker4
150 | Core0: BWorker5
151 | Core0: BWorker6
152 | Core0: BWorker7
153 | Core0: BWorker0
154 | Core0: BWorker1
155 | Core0: BWorker2
156 | Core0: BWorker3
157 | Core0: BWorker4
158 | Core0: BWorker5
159 | Core0: BWorker6
160 | Core0: BWorker7
161 | Core0: BWorker0
162 | Core0: BWorker1
163 | Core0: BWorker2
164 | Core0: BWorker3
165 | Core0: BWorker4
166 | Core0: BWorker5
167 | Core0: BWorker6
168 | Core0: BWorker7
169 | Core0: BWorker0
170 | Core0: BWorker1
171 | Core0: BWorker2
172 | Core0: BWorker3
173 | Core0: BWorker4
174 | Core0: BWorker5
175 | Core0: BWorker6
176 | Core0: BWorker7
177 | Core0: BWorker0
178 | Core0: BWorker1
179 | Core0: BWorker2
180 | Core0: BWorker3
181 | Core0: BWorker4
182 | Core0: BWorker5
183 | Core0: BWorker6
184 | Core0: BWorker7
185 | Core0: BWorker0
186 | Core0: BWorker1
187 | Core0: BWorker2
188 | Core0: BWorker3
189 | Core0: BWorker4
190 | Core0: BWorker5
191 | Core0: BWorker6
192 | Core0: BWorker7
193 | Core0: BWorker0
194 | Core0: BWorker1
195 | Core0: BWorker2
196 | Core0: BWorker3
197 | Core0: BWorker4
198 | Core0: BWorker5
199 | Core0: BWorker6
200 | Core0: BWorker7
201 | Core0: BWorker0
202 | Core0: BWorker1
203 | Core0: BWorker2
204 | Core0: BWorker3
205 | Core0: BWorker4
206 | Core0: BWorker5
207 | Core0: BWorker6
208 | Core0: BWorker7
209 | Core0: BWorker0
210 | Core0: BWorker1
211 | Core0: BWorker2
212 | Core0: BWorker3
213 | Core0: BWorker4
214 | Core0: BWorker5
215 | Core0: BWorker6
216 | Core0: BWorker7
217 | Core0: BWorker0
218 | Core0: BWorker1
219 | Core0: BWorker2
220 | Core0: BWorker3
221 | Core0: BWorker4
222 | Core0: BWorker5
223 | Core0: BWorker6
224 | Core0: BWorker7
225 | Core0: BWorker0
226 | Core0: BWorker1
227 | Core0: BWorker2
228 | Core0: BWorker3
229 | Core0: BWorker4
230 | Core0: BWorker5
231 | Core0: BWorker6
232 | Core0: BWorker7
233 | Core0: BWorker0
234 | Core0: BWorker1
235 | Core0: BWorker2
236 | Core0: BWorker3
237 | Core0: BWorker4
238 | Core0: BWorker5
239 | Core0: BWorker6
240 | Core0: BWorker7
241 | Core0: BWorker0
242 | Core0: BWorker1
243 | Core0: BWorker2
244 | Core0: BWorker3
245 | Core0: BWorker4
246 | Core0: BWorker5
247 | Core0: BWorker6
248 | Core0: BWorker7
249 | Core0: BWorker0
250 | Core0: BWorker1