=~=~=~=~=~=~=~=~=~=~=~= PuTTY log 2025.04.08 18:41:39 =~=~=~=~=~=~=~=~=~=~=~=
Running on rpi without SMP
We are running llref
0 | Core0: Tmr Svc
0 | Core0: Watcher
0 | Core0: BWorker7
Task 7 started
463 | Core0: BWorker3
Task 3 started
465 | Core0: BWorker7
467 | Core0: BWorker3
469 | Core0: BWorker7
471 | Core0: BWorker3
473 | Core0: BWorker7
475 | Core0: BWorker3
477 | Core0: BWorker7
479 | Core0: BWorker3
481 | Core0: BWorker7
483 | Core0: BWorker3
485 | Core0: BWorker7
487 | Core0: BWorker3
489 | Core0: BWorker7
491 | Core0: BWorker3
493 | Core0: BWorker7
495 | Core0: BWorker3
497 | Core0: BWorker7
499 | Core0: BWorker3
501 | Core0: BWorker7
503 | Core0: BWorker3
505 | Core0: BWorker7
507 | Core0: BWorker3
509 | Core0: BWorker7
511 | Core0: BWorker3
513 | Core0: BWorker7
515 | Core0: BWorker3
517 | Core0: BWorker7
519 | Core0: BWorker3
521 | Core0: BWorker7
523 | Core0: BWorker3
525 | Core0: BWorker7
527 | Core0: BWorker3
529 | Core0: BWorker7
531 | Core0: BWorker3
533 | Core0: BWorker7
535 | Core0: BWorker3
537 | Core0: BWorker7
539 | Core0: BWorker3
541 | Core0: BWorker7
543 | Core0: BWorker3
545 | Core0: BWorker7
547 | Core0: BWorker3
549 | Core0: BWorker7
551 | Core0: BWorker3
553 | Core0: BWorker7
555 | Core0: BWorker3
557 | Core0: BWorker7
559 | Core0: BWorker3
561 | Core0: BWorker7
563 | Core0: BWorker3
565 | Core0: BWorker7
567 | Core0: BWorker3
569 | Core0: BWorker7
571 | Core0: BWorker3
573 | Core0: BWorker7
575 | Core0: BWorker3
577 | Core0: BWorker7
579 | Core0: BWorker3
581 | Core0: BWorker7
583 | Core0: BWorker3
585 | Core0: BWorker7
587 | Core0: BWorker3
589 | Core0: BWorker7
591 | Core0: BWorker3
593 | Core0: BWorker7
595 | Core0: BWorker3
597 | Core0: BWorker7
599 | Core0: BWorker3
601 | Core0: BWorker7
603 | Core0: BWorker3
605 | Core0: BWorker7
607 | Core0: BWorker3
609 | Core0: BWorker7
611 | Core0: BWorker3
613 | Core0: BWorker7
615 | Core0: BWorker3
617 | Core0: BWorker7
619 | Core0: BWorker3
621 | Core0: BWorker7
623 | Core0: BWorker3
625 | Core0: BWorker7
627 | Core0: BWorker3
629 | Core0: BWorker7
631 | Core0: BWorker3
633 | Core0: BWorker7
635 | Core0: BWorker3
637 | Core0: BWorker7
639 | Core0: BWorker3
641 | Core0: BWorker7
643 | Core0: BWorker3
645 | Core0: BWorker7
647 | Core0: BWorker3
649 | Core0: BWorker7
651 | Core0: BWorker3
653 | Core0: BWorker7
655 | Core0: BWorker3
657 | Core0: BWorker7
659 | Core0: BWorker3
661 | Core0: BWorker7
663 | Core0: BWorker3
665 | Core0: BWorker7
667 | Core0: BWorker3
669 | Core0: BWorker7
671 | Core0: BWorker3
673 | Core0: BWorker7
675 | Core0: BWorker3
677 | Core0: BWorker7
679 | Core0: BWorker3
681 | Core0: BWorker7
683 | Core0: BWorker3
685 | Core0: BWorker7
687 | Core0: BWorker3
689 | Core0: BWorker7
691 | Core0: BWorker3
693 | Core0: BWorker7
695 | Core0: BWorker3
697 | Core0: BWorker7
699 | Core0: BWorker3
701 | Core0: BWorker7
703 | Core0: BWorker3
705 | Core0: BWorker7
707 | Core0: BWorker3
709 | Core0: BWorker7
711 | Core0: BWorker3
713 | Core0: BWorker7
715 | Core0: BWorker3
717 | Core0: BWorker7
719 | Core0: BWorker3
721 | Core0: BWorker7
723 | Core0: BWorker3
725 | Core0: BWorker7
727 | Core0: BWorker3
729 | Core0: BWorker7
731 | Core0: BWorker3
733 | Core0: BWorker7
735 | Core0: BWorker3
737 | Core0: BWorker7
739 | Core0: BWorker3
741 | Core0: BWorker7
743 | Core0: BWorker3
745 | Core0: BWorker7
747 | Core0: BWorker3
749 | Core0: BWorker7
751 | Core0: BWorker3
753 | Core0: BWorker7
755 | Core0: BWorker3
757 | Core0: BWorker7
759 | Core0: BWorker3
761 | Core0: BWorker7
763 | Core0: BWorker3
765 | Core0: BWorker7
767 | Core0: BWorker3
769 | Core0: BWorker7
771 | Core0: BWorker3
773 | Core0: BWorker7
775 | Core0: BWorker3
777 | Core0: BWorker7
779 | Core0: BWorker3
781 | Core0: BWorker7
783 | Core0: BWorker3
785 | Core0: BWorker7
787 | Core0: BWorker3
789 | Core0: BWorker7
791 | Core0: BWorker3
793 | Core0: BWorker7
795 | Core0: BWorker3
797 | Core0: BWorker7
799 | Core0: BWorker3
801 | Core0: BWorker7
803 | Core0: BWorker3
805 | Core0: BWorker7
807 | Core0: BWorker3
809 | Core0: BWorker7
811 | Core0: BWorker3
813 | Core0: BWorker7
815 | Core0: BWorker3
817 | Core0: BWorker7
819 | Core0: BWorker3
821 | Core0: BWorker7
823 | Core0: BWorker3
825 | Core0: BWorker7
827 | Core0: BWorker3
829 | Core0: BWorker7
831 | Core0: BWorker3
833 | Core0: BWorker7
835 | Core0: BWorker3
837 | Core0: BWorker7
839 | Core0: BWorker3
841 | Core0: BWorker7
843 | Core0: BWorker3
845 | Core0: BWorker7
847 | Core0: BWorker3
849 | Core0: BWorker7
851 | Core0: BWorker3
853 | Core0: BWorker7
855 | Core0: BWorker3
857 | Core0: BWorker7
859 | Core0: BWorker3
861 | Core0: BWorker7
863 | Core0: BWorker3
865 | Core0: BWorker7
867 | Core0: BWorker3
869 | Core0: BWorker7
871 | Core0: BWorker3
873 | Core0: BWorker7
875 | Core0: BWorker3
877 | Core0: BWorker7
879 | Core0: BWorker3
881 | Core0: BWorker7
883 | Core0: BWorker1
Task 1 started
884 | Core0: BWorker3
886 | Core0: BWorker7
887 | Core0: BWorker1
889 | Core0: BWorker3
890 | Core0: BWorker7
892 | Core0: BWorker1
893 | Core0: BWorker3
895 | Core0: BWorker7
896 | Core0: BWorker1
898 | Core0: BWorker3
899 | Core0: BWorker7
901 | Core0: BWorker1
902 | Core0: BWorker3
904 | Core0: BWorker7
905 | Core0: BWorker1
907 | Core0: BWorker3
908 | Core0: BWorker7
910 | Core0: BWorker1
911 | Core0: BWorker3
913 | Core0: BWorker7
914 | Core0: BWorker1
916 | Core0: BWorker3
917 | Core0: BWorker7
919 | Core0: BWorker1
920 | Core0: BWorker3
922 | Core0: BWorker7
923 | Core0: BWorker1
925 | Core0: BWorker3
926 | Core0: BWorker7
928 | Core0: BWorker1
929 | Core0: BWorker3
931 | Core0: BWorker7
932 | Core0: BWorker1
934 | Core0: BWorker3
935 | Core0: BWorker7
937 | Core0: BWorker1
938 | Core0: BWorker3
940 | Core0: BWorker7
941 | Core0: BWorker1
943 | Core0: BWorker3
944 | Core0: BWorker7
946 | Core0: BWorker1
947 | Core0: BWorker3
949 | Core0: BWorker7
950 | Core0: BWorker1
952 | Core0: BWorker3
953 | Core0: BWorker7
955 | Core0: BWorker1
956 | Core0: BWorker3
958 | Core0: BWorker7
959 | Core0: BWorker1
961 | Core0: BWorker3
962 | Core0: BWorker7
964 | Core0: BWorker1
965 | Core0: BWorker3
967 | Core0: BWorker7
968 | Core0: BWorker1
970 | Core0: BWorker3
971 | Core0: BWorker7
973 | Core0: BWorker1
974 | Core0: BWorker3
976 | Core0: BWorker7
977 | Core0: BWorker1
979 | Core0: BWorker3
980 | Core0: BWorker7
982 | Core0: BWorker1
983 | Core0: BWorker3
985 | Core0: BWorker7
986 | Core0: BWorker1
988 | Core0: BWorker3
989 | Core0: BWorker7
991 | Core0: BWorker1
992 | Core0: BWorker3
994 | Core0: BWorker7
995 | Core0: BWorker1
997 | Core0: BWorker3
998 | Core0: BWorker7
1000 | Core0: BWorker1